# JRE version: OpenJDK Runtime Environment (11.0.10) (build 11.0.10+0-b96-7249189)
# Java VM: OpenJDK 64-Bit Server VM (11.0.10+0-b96-7249189, mixed mode, tiered, compressed oops, g1 gc, windows-amd64)
Heap:
 garbage-first heap   total 331776K, used 134679K [0x0000000080000000, 0x0000000100000000)
  region size 1024K, 2 young (2048K), 2 survivors (2048K)
 Metaspace       used 115059K, capacity 118320K, committed 118528K, reserved 1153024K
  class space    used 14449K, capacity 15574K, committed 15616K, reserved 1048576K
GC Heap History (20 events):
Event: 1799.971 GC heap after
{Heap after GC invocations=93 (full 0):
 garbage-first heap   total 157696K, used 133809K [0x0000000080000000, 0x0000000100000000)
  region size 1024K, 1 young (1024K), 1 survivors (1024K)
 Metaspace       used 111473K, capacity 114750K, committed 114944K, reserved 1148928K
  class space    used 14165K, capacity 15300K, committed 15360K, reserved 1048576K
}
Event: 1800.018 GC heap before
{Heap before GC invocations=93 (full 0):
 garbage-first heap   total 157696K, used 138929K [0x0000000080000000, 0x0000000100000000)
  region size 1024K, 7 young (7168K), 1 survivors (1024K)
 Metaspace       used 111479K, capacity 114750K, committed 114944K, reserved 1148928K
  class space    used 14165K, capacity 15300K, committed 15360K, reserved 1048576K
}
Event: 1800.021 GC heap after
{Heap after GC invocations=94 (full 0):
 garbage-first heap   total 157696K, used 132582K [0x0000000080000000, 0x0000000100000000)
  region size 1024K, 1 young (1024K), 1 survivors (1024K)
 Metaspace       used 111479K, capacity 114750K, committed 114944K, reserved 1148928K
  class space    used 14165K, capacity 15300K, committed 15360K, reserved 1048576K
}
Event: 1800.045 GC heap before
{Heap before GC invocations=94 (full 0):
 garbage-first heap   total 157696K, used 138726K [0x0000000080000000, 0x0000000100000000)
  region size 1024K, 7 young (7168K), 1 survivors (1024K)
 Metaspace       used 111481K, capacity 114750K, committed 114944K, reserved 1148928K
  class space    used 14165K, capacity 15300K, committed 15360K, reserved 1048576K
}
Event: 1800.047 GC heap after
{Heap after GC invocations=95 (full 0):
 garbage-first heap   total 157696K, used 132603K [0x0000000080000000, 0x0000000100000000)
  region size 1024K, 1 young (1024K), 1 survivors (1024K)
 Metaspace       used 111481K, capacity 114750K, committed 114944K, reserved 1148928K
  class space    used 14165K, capacity 15300K, committed 15360K, reserved 1048576K
}
Event: 1800.072 GC heap before
{Heap before GC invocations=95 (full 0):
 garbage-first heap   total 157696K, used 138747K [0x0000000080000000, 0x0000000100000000)
  region size 1024K, 7 young (7168K), 1 survivors (1024K)
 Metaspace       used 111481K, capacity 114750K, committed 114944K, reserved 1148928K
  class space    used 14165K, capacity 15300K, committed 15360K, reserved 1048576K
}
Event: 1800.073 GC heap after
{Heap after GC invocations=96 (full 0):
 garbage-first heap   total 157696K, used 132653K [0x0000000080000000, 0x0000000100000000)
  region size 1024K, 1 young (1024K), 1 survivors (1024K)
 Metaspace       used 111481K, capacity 114750K, committed 114944K, reserved 1148928K
  class space    used 14165K, capacity 15300K, committed 15360K, reserved 1048576K
}
Event: 1800.095 GC heap before
{Heap before GC invocations=96 (full 0):
 garbage-first heap   total 157696K, used 138797K [0x0000000080000000, 0x0000000100000000)
  region size 1024K, 7 young (7168K), 1 survivors (1024K)
 Metaspace       used 111481K, capacity 114750K, committed 114944K, reserved 1148928K
  class space    used 14165K, capacity 15300K, committed 15360K, reserved 1048576K
}
Event: 1800.096 GC heap after
{Heap after GC invocations=97 (full 0):
 garbage-first heap   total 157696K, used 132594K [0x0000000080000000, 0x0000000100000000)
  region size 1024K, 1 young (1024K), 1 survivors (1024K)
 Metaspace       used 111481K, capacity 114750K, committed 114944K, reserved 1148928K
  class space    used 14165K, capacity 15300K, committed 15360K, reserved 1048576K
}
Event: 1800.115 GC heap before
{Heap before GC invocations=97 (full 0):
 garbage-first heap   total 157696K, used 138738K [0x0000000080000000, 0x0000000100000000)
  region size 1024K, 7 young (7168K), 1 survivors (1024K)
 Metaspace       used 111482K, capacity 114750K, committed 114944K, reserved 1148928K
  class space    used 14165K, capacity 15300K, committed 15360K, reserved 1048576K
}
Event: 1800.116 GC heap after
{Heap after GC invocations=98 (full 0):
 garbage-first heap   total 157696K, used 132596K [0x0000000080000000, 0x0000000100000000)
  region size 1024K, 1 young (1024K), 1 survivors (1024K)
 Metaspace       used 111482K, capacity 114750K, committed 114944K, reserved 1148928K
  class space    used 14165K, capacity 15300K, committed 15360K, reserved 1048576K
}
Event: 1800.180 GC heap before
{Heap before GC invocations=98 (full 0):
 garbage-first heap   total 157696K, used 138740K [0x0000000080000000, 0x0000000100000000)
  region size 1024K, 7 young (7168K), 1 survivors (1024K)
 Metaspace       used 111484K, capacity 114750K, committed 114944K, reserved 1148928K
  class space    used 14165K, capacity 15300K, committed 15360K, reserved 1048576K
}
Event: 1800.182 GC heap after
{Heap after GC invocations=99 (full 0):
 garbage-first heap   total 189440K, used 132599K [0x0000000080000000, 0x0000000100000000)
  region size 1024K, 1 young (1024K), 1 survivors (1024K)
 Metaspace       used 111484K, capacity 114750K, committed 114944K, reserved 1148928K
  class space    used 14165K, capacity 15300K, committed 15360K, reserved 1048576K
}
Event: 1800.359 GC heap before
{Heap before GC invocations=100 (full 0):
 garbage-first heap   total 189440K, used 137719K [0x0000000080000000, 0x0000000100000000)
  region size 1024K, 8 young (8192K), 1 survivors (1024K)
 Metaspace       used 111506K, capacity 114756K, committed 114944K, reserved 1148928K
  class space    used 14168K, capacity 15302K, committed 15360K, reserved 1048576K
}
Event: 1800.365 GC heap after
{Heap after GC invocations=101 (full 0):
 garbage-first heap   total 189440K, used 136779K [0x0000000080000000, 0x0000000100000000)
  region size 1024K, 3 young (3072K), 3 survivors (3072K)
 Metaspace       used 111506K, capacity 114756K, committed 114944K, reserved 1148928K
  class space    used 14168K, capacity 15302K, committed 15360K, reserved 1048576K
}
Event: 1800.568 GC heap before
{Heap before GC invocations=102 (full 0):
 garbage-first heap   total 189440K, used 169547K [0x0000000080000000, 0x0000000100000000)
  region size 1024K, 20 young (20480K), 3 survivors (3072K)
 Metaspace       used 111984K, capacity 115247K, committed 115456K, reserved 1148928K
  class space    used 14204K, capacity 15348K, committed 15360K, reserved 1048576K
}
Event: 1800.573 GC heap after
{Heap after GC invocations=103 (full 0):
 garbage-first heap   total 189440K, used 138873K [0x0000000080000000, 0x0000000100000000)
  region size 1024K, 3 young (3072K), 3 survivors (3072K)
 Metaspace       used 111984K, capacity 115247K, committed 115456K, reserved 1148928K
  class space    used 14204K, capacity 15348K, committed 15360K, reserved 1048576K
}
Event: 1800.723 GC heap before
{Heap before GC invocations=103 (full 0):
 garbage-first heap   total 189440K, used 154233K [0x0000000080000000, 0x0000000100000000)
  region size 1024K, 19 young (19456K), 3 survivors (3072K)
 Metaspace       used 113871K, capacity 117071K, committed 117120K, reserved 1150976K
  class space    used 14364K, capacity 15478K, committed 15488K, reserved 1048576K
}
Event: 1800.730 GC heap after
{Heap after GC invocations=104 (full 0):
 garbage-first heap   total 189440K, used 140716K [0x0000000080000000, 0x0000000100000000)
  region size 1024K, 3 young (3072K), 3 survivors (3072K)
 Metaspace       used 113871K, capacity 117071K, committed 117120K, reserved 1150976K
  class space    used 14364K, capacity 15478K, committed 15488K, reserved 1048576K
}
Event: 1800.941 GC heap before
{Heap before GC invocations=105 (full 0):
 garbage-first heap   total 189440K, used 148908K [0x0000000080000000, 0x0000000100000000)
  region size 1024K, 19 young (19456K), 3 survivors (3072K)
 Metaspace       used 115059K, capacity 118320K, committed 118528K, reserved 1153024K
  class space    used 14449K, capacity 15574K, committed 15616K, reserved 1048576K
}

